{"/home/user/raycast_timer_runner/src/actions.ts": {"path":"/home/user/raycast_timer_runner/src/actions.ts","statementMap":{"0":{"start":{"line":8,"column":0},"end":{"line":8,"column":7}},"1":{"start":{"line":1,"column":0},"end":{"line":1,"column":62}},"2":{"start":{"line":2,"column":0},"end":{"line":2,"column":37}},"3":{"start":{"line":3,"column":0},"end":{"line":3,"column":33}},"4":{"start":{"line":4,"column":0},"end":{"line":4,"column":65}},"5":{"start":{"line":6,"column":18},"end":{"line":6,"column":33}},"6":{"start":{"line":9,"column":2},"end":{"line":18,"column":3}},"7":{"start":{"line":10,"column":4},"end":{"line":14,"column":5}},"8":{"start":{"line":11,"column":6},"end":{"line":11,"column":45}},"9":{"start":{"line":12,"column":11},"end":{"line":14,"column":5}},"10":{"start":{"line":13,"column":6},"end":{"line":13,"column":64}},"11":{"start":{"line":16,"column":4},"end":{"line":16,"column":54}},"12":{"start":{"line":17,"column":4},"end":{"line":17,"column":16}},"13":{"start":{"line":22,"column":2},"end":{"line":22,"column":26}},"14":{"start":{"line":23,"column":2},"end":{"line":23,"column":45}},"15":{"start":{"line":24,"column":2},"end":{"line":24,"column":37}},"16":{"start":{"line":28,"column":2},"end":{"line":28,"column":26}},"17":{"start":{"line":30,"column":2},"end":{"line":58,"column":3}},"18":{"start":{"line":32,"column":6},"end":{"line":32,"column":80}},"19":{"start":{"line":33,"column":6},"end":{"line":33,"column":40}},"20":{"start":{"line":34,"column":6},"end":{"line":34,"column":12}},"21":{"start":{"line":37,"column":6},"end":{"line":37,"column":78}},"22":{"start":{"line":38,"column":6},"end":{"line":38,"column":37}},"23":{"start":{"line":39,"column":6},"end":{"line":39,"column":12}},"24":{"start":{"line":42,"column":6},"end":{"line":42,"column":40}},"25":{"start":{"line":43,"column":6},"end":{"line":43,"column":41}},"26":{"start":{"line":44,"column":6},"end":{"line":44,"column":12}},"27":{"start":{"line":47,"column":6},"end":{"line":47,"column":116}},"28":{"start":{"line":48,"column":6},"end":{"line":48,"column":41}},"29":{"start":{"line":49,"column":6},"end":{"line":49,"column":12}},"30":{"start":{"line":52,"column":6},"end":{"line":52,"column":78}},"31":{"start":{"line":53,"column":6},"end":{"line":53,"column":38}},"32":{"start":{"line":54,"column":6},"end":{"line":54,"column":12}},"33":{"start":{"line":57,"column":6},"end":{"line":57,"column":60}},"34":{"start":{"line":61,"column":13},"end":{"line":85,"column":2}},"35":{"start":{"line":87,"column":13},"end":{"line":113,"column":2}}},"fnMap":{"0":{"name":"executeAction","decl":{"start":{"line":8,"column":22},"end":{"line":8,"column":35}},"loc":{"start":{"line":8,"column":55},"end":{"line":19,"column":1}}},"1":{"name":"executeApplication","decl":{"start":{"line":21,"column":15},"end":{"line":21,"column":33}},"loc":{"start":{"line":21,"column":49},"end":{"line":25,"column":1}}},"2":{"name":"executeSystemCommand","decl":{"start":{"line":27,"column":15},"end":{"line":27,"column":35}},"loc":{"start":{"line":27,"column":58},"end":{"line":59,"column":1}}}},"branchMap":{"0":{"loc":{"start":{"line":10,"column":4},"end":{"line":14,"column":5}},"type":"if","locations":[{"start":{"line":10,"column":4},"end":{"line":14,"column":5}},{"start":{"line":12,"column":11},"end":{"line":14,"column":5}}]},"1":{"loc":{"start":{"line":12,"column":11},"end":{"line":14,"column":5}},"type":"if","locations":[{"start":{"line":12,"column":11},"end":{"line":14,"column":5}}]},"2":{"loc":{"start":{"line":30,"column":2},"end":{"line":58,"column":3}},"type":"switch","locations":[{"start":{"line":31,"column":4},"end":{"line":34,"column":12}},{"start":{"line":36,"column":4},"end":{"line":39,"column":12}},{"start":{"line":41,"column":4},"end":{"line":44,"column":12}},{"start":{"line":46,"column":4},"end":{"line":49,"column":12}},{"start":{"line":51,"column":4},"end":{"line":54,"column":12}},{"start":{"line":56,"column":4},"end":{"line":57,"column":60}}]}},"s":{"0":1,"1":1,"2":1,"3":1,"4":1,"5":1,"6":0,"7":0,"8":0,"9":0,"10":0,"11":0,"12":0,"13":0,"14":0,"15":0,"16":0,"17":0,"18":0,"19":0,"20":0,"21":0,"22":0,"23":0,"24":0,"25":0,"26":0,"27":0,"28":0,"29":0,"30":0,"31":0,"32":0,"33":0,"34":1,"35":1},"f":{"0":0,"1":0,"2":0},"b":{"0":[0,0],"1":[0],"2":[0,0,0,0,0,0]}}
,"/home/user/raycast_timer_runner/src/storage.ts": {"path":"/home/user/raycast_timer_runner/src/storage.ts","statementMap":{"0":{"start":{"line":6,"column":0},"end":{"line":6,"column":7}},"1":{"start":{"line":20,"column":0},"end":{"line":20,"column":7}},"2":{"start":{"line":26,"column":0},"end":{"line":26,"column":7}},"3":{"start":{"line":36,"column":0},"end":{"line":36,"column":7}},"4":{"start":{"line":42,"column":0},"end":{"line":42,"column":7}},"5":{"start":{"line":1,"column":0},"end":{"line":1,"column":44}},"6":{"start":{"line":4,"column":19},"end":{"line":4,"column":34}},"7":{"start":{"line":7,"column":21},"end":{"line":7,"column":67}},"8":{"start":{"line":8,"column":2},"end":{"line":10,"column":3}},"9":{"start":{"line":9,"column":4},"end":{"line":9,"column":14}},"10":{"start":{"line":12,"column":2},"end":{"line":17,"column":3}},"11":{"start":{"line":13,"column":4},"end":{"line":13,"column":34}},"12":{"start":{"line":15,"column":4},"end":{"line":15,"column":52}},"13":{"start":{"line":16,"column":4},"end":{"line":16,"column":14}},"14":{"start":{"line":21,"column":17},"end":{"line":21,"column":40}},"15":{"start":{"line":22,"column":2},"end":{"line":22,"column":21}},"16":{"start":{"line":23,"column":2},"end":{"line":23,"column":65}},"17":{"start":{"line":27,"column":17},"end":{"line":27,"column":40}},"18":{"start":{"line":28,"column":16},"end":{"line":28,"column":57}},"19":{"start":{"line":28,"column":40},"end":{"line":28,"column":56}},"20":{"start":{"line":30,"column":2},"end":{"line":33,"column":3}},"21":{"start":{"line":31,"column":4},"end":{"line":31,"column":53}},"22":{"start":{"line":32,"column":4},"end":{"line":32,"column":67}},"23":{"start":{"line":37,"column":17},"end":{"line":37,"column":40}},"24":{"start":{"line":38,"column":19},"end":{"line":38,"column":57}},"25":{"start":{"line":38,"column":40},"end":{"line":38,"column":56}},"26":{"start":{"line":39,"column":2},"end":{"line":39,"column":67}},"27":{"start":{"line":43,"column":17},"end":{"line":43,"column":40}},"28":{"start":{"line":44,"column":14},"end":{"line":44,"column":24}},"29":{"start":{"line":45,"column":17},"end":{"line":45,"column":70}},"30":{"start":{"line":45,"column":38},"end":{"line":45,"column":69}},"31":{"start":{"line":46,"column":2},"end":{"line":46,"column":65}}},"fnMap":{"0":{"name":"getActiveTimers","decl":{"start":{"line":6,"column":22},"end":{"line":6,"column":37}},"loc":{"start":{"line":6,"column":37},"end":{"line":18,"column":1}}},"1":{"name":"saveTimer","decl":{"start":{"line":20,"column":22},"end":{"line":20,"column":31}},"loc":{"start":{"line":20,"column":44},"end":{"line":24,"column":1}}},"2":{"name":"updateTimer","decl":{"start":{"line":26,"column":22},"end":{"line":26,"column":33}},"loc":{"start":{"line":26,"column":74},"end":{"line":34,"column":1}}},"3":{"name":"(anonymous_3)","decl":{"start":{"line":28,"column":33},"end":{"line":28,"column":34}},"loc":{"start":{"line":28,"column":40},"end":{"line":28,"column":56}}},"4":{"name":"deleteTimer","decl":{"start":{"line":36,"column":22},"end":{"line":36,"column":33}},"loc":{"start":{"line":36,"column":49},"end":{"line":40,"column":1}}},"5":{"name":"(anonymous_5)","decl":{"start":{"line":38,"column":33},"end":{"line":38,"column":34}},"loc":{"start":{"line":38,"column":40},"end":{"line":38,"column":56}}},"6":{"name":"cleanupExpiredTimers","decl":{"start":{"line":42,"column":22},"end":{"line":42,"column":42}},"loc":{"start":{"line":42,"column":42},"end":{"line":47,"column":1}}},"7":{"name":"(anonymous_7)","decl":{"start":{"line":45,"column":31},"end":{"line":45,"column":32}},"loc":{"start":{"line":45,"column":38},"end":{"line":45,"column":69}}}},"branchMap":{"0":{"loc":{"start":{"line":8,"column":2},"end":{"line":10,"column":3}},"type":"if","locations":[{"start":{"line":8,"column":2},"end":{"line":10,"column":3}}]},"1":{"loc":{"start":{"line":30,"column":2},"end":{"line":33,"column":3}},"type":"if","locations":[{"start":{"line":30,"column":2},"end":{"line":33,"column":3}}]},"2":{"loc":{"start":{"line":45,"column":38},"end":{"line":45,"column":69}},"type":"binary-expr","locations":[{"start":{"line":45,"column":38},"end":{"line":45,"column":55}},{"start":{"line":45,"column":59},"end":{"line":45,"column":69}}]}},"s":{"0":1,"1":1,"2":1,"3":1,"4":1,"5":1,"6":1,"7":7,"8":7,"9":1,"10":6,"11":6,"12":1,"13":1,"14":1,"15":1,"16":1,"17":1,"18":1,"19":1,"20":1,"21":1,"22":1,"23":1,"24":1,"25":1,"26":1,"27":1,"28":1,"29":1,"30":2,"31":1},"f":{"0":7,"1":1,"2":1,"3":1,"4":1,"5":1,"6":1,"7":2},"b":{"0":[1],"1":[1],"2":[2,1]}}
,"/home/user/raycast_timer_runner/src/types.ts": {"path":"/home/user/raycast_timer_runner/src/types.ts","statementMap":{"0":{"start":{"line":1,"column":0},"end":{"line":1,"column":null}},"1":{"start":{"line":2,"column":2},"end":{"line":2,"column":null}},"2":{"start":{"line":3,"column":2},"end":{"line":3,"column":null}},"3":{"start":{"line":4,"column":2},"end":{"line":4,"column":null}},"4":{"start":{"line":7,"column":0},"end":{"line":7,"column":null}},"5":{"start":{"line":8,"column":2},"end":{"line":8,"column":null}},"6":{"start":{"line":9,"column":2},"end":{"line":9,"column":null}},"7":{"start":{"line":12,"column":0},"end":{"line":12,"column":null}},"8":{"start":{"line":13,"column":2},"end":{"line":13,"column":null}},"9":{"start":{"line":14,"column":2},"end":{"line":14,"column":null}},"10":{"start":{"line":15,"column":2},"end":{"line":15,"column":null}},"11":{"start":{"line":16,"column":2},"end":{"line":16,"column":null}},"12":{"start":{"line":17,"column":2},"end":{"line":17,"column":null}}},"fnMap":{"0":{"name":"(anonymous_0)","decl":{"start":{"line":1,"column":0},"end":{"line":1,"column":12}},"loc":{"start":{"line":1,"column":20},"end":{"line":5,"column":1}}},"1":{"name":"(anonymous_1)","decl":{"start":{"line":7,"column":0},"end":{"line":7,"column":12}},"loc":{"start":{"line":7,"column":22},"end":{"line":10,"column":1}}},"2":{"name":"(anonymous_2)","decl":{"start":{"line":12,"column":0},"end":{"line":12,"column":12}},"loc":{"start":{"line":12,"column":25},"end":{"line":18,"column":1}}}},"branchMap":{"0":{"loc":{"start":{"line":1,"column":12},"end":{"line":1,"column":null}},"type":"binary-expr","locations":[{"start":{"line":1,"column":12},"end":{"line":1,"column":20}},{"start":{"line":1,"column":20},"end":{"line":1,"column":null}}]},"1":{"loc":{"start":{"line":7,"column":12},"end":{"line":7,"column":null}},"type":"binary-expr","locations":[{"start":{"line":7,"column":12},"end":{"line":7,"column":22}},{"start":{"line":7,"column":22},"end":{"line":7,"column":null}}]},"2":{"loc":{"start":{"line":12,"column":12},"end":{"line":12,"column":null}},"type":"binary-expr","locations":[{"start":{"line":12,"column":12},"end":{"line":12,"column":25}},{"start":{"line":12,"column":25},"end":{"line":12,"column":null}}]}},"s":{"0":3,"1":3,"2":3,"3":3,"4":3,"5":3,"6":3,"7":3,"8":3,"9":3,"10":3,"11":3,"12":3},"f":{"0":3,"1":3,"2":3},"b":{"0":[3,3],"1":[3,3],"2":[3,3]}}
,"/home/user/raycast_timer_runner/src/utils.ts": {"path":"/home/user/raycast_timer_runner/src/utils.ts","statementMap":{"0":{"start":{"line":3,"column":0},"end":{"line":3,"column":16}},"1":{"start":{"line":18,"column":0},"end":{"line":18,"column":16}},"2":{"start":{"line":32,"column":0},"end":{"line":32,"column":16}},"3":{"start":{"line":43,"column":0},"end":{"line":43,"column":16}},"4":{"start":{"line":1,"column":0},"end":{"line":1,"column":46}},"5":{"start":{"line":4,"column":26},"end":{"line":4,"column":35}},"6":{"start":{"line":6,"column":2},"end":{"line":15,"column":3}},"7":{"start":{"line":8,"column":6},"end":{"line":8,"column":26}},"8":{"start":{"line":10,"column":6},"end":{"line":10,"column":31}},"9":{"start":{"line":12,"column":6},"end":{"line":12,"column":36}},"10":{"start":{"line":14,"column":6},"end":{"line":14,"column":15}},"11":{"start":{"line":19,"column":18},"end":{"line":19,"column":49}},"12":{"start":{"line":20,"column":18},"end":{"line":20,"column":42}},"13":{"start":{"line":21,"column":16},"end":{"line":21,"column":40}},"14":{"start":{"line":23,"column":2},"end":{"line":29,"column":3}},"15":{"start":{"line":24,"column":4},"end":{"line":24,"column":40}},"16":{"start":{"line":25,"column":9},"end":{"line":29,"column":3}},"17":{"start":{"line":26,"column":4},"end":{"line":26,"column":42}},"18":{"start":{"line":28,"column":4},"end":{"line":28,"column":25}},"19":{"start":{"line":33,"column":14},"end":{"line":33,"column":24}},"20":{"start":{"line":34,"column":20},"end":{"line":34,"column":35}},"21":{"start":{"line":36,"column":2},"end":{"line":38,"column":3}},"22":{"start":{"line":37,"column":4},"end":{"line":37,"column":26}},"23":{"start":{"line":40,"column":2},"end":{"line":40,"column":35}},"24":{"start":{"line":44,"column":2},"end":{"line":44,"column":74}}},"fnMap":{"0":{"name":"convertToMilliseconds","decl":{"start":{"line":3,"column":16},"end":{"line":3,"column":37}},"loc":{"start":{"line":3,"column":58},"end":{"line":16,"column":1}}},"1":{"name":"formatDuration","decl":{"start":{"line":18,"column":16},"end":{"line":18,"column":30}},"loc":{"start":{"line":18,"column":51},"end":{"line":30,"column":1}}},"2":{"name":"formatTimeRemaining","decl":{"start":{"line":32,"column":16},"end":{"line":32,"column":35}},"loc":{"start":{"line":32,"column":53},"end":{"line":41,"column":1}}},"3":{"name":"generateTimerId","decl":{"start":{"line":43,"column":16},"end":{"line":43,"column":31}},"loc":{"start":{"line":43,"column":31},"end":{"line":45,"column":1}}}},"branchMap":{"0":{"loc":{"start":{"line":6,"column":2},"end":{"line":15,"column":3}},"type":"switch","locations":[{"start":{"line":7,"column":4},"end":{"line":8,"column":26}},{"start":{"line":9,"column":4},"end":{"line":10,"column":31}},{"start":{"line":11,"column":4},"end":{"line":12,"column":36}},{"start":{"line":13,"column":4},"end":{"line":14,"column":15}}]},"1":{"loc":{"start":{"line":23,"column":2},"end":{"line":29,"column":3}},"type":"if","locations":[{"start":{"line":23,"column":2},"end":{"line":29,"column":3}},{"start":{"line":25,"column":9},"end":{"line":29,"column":3}}]},"2":{"loc":{"start":{"line":25,"column":9},"end":{"line":29,"column":3}},"type":"if","locations":[{"start":{"line":25,"column":9},"end":{"line":29,"column":3}},{"start":{"line":27,"column":9},"end":{"line":29,"column":3}}]},"3":{"loc":{"start":{"line":36,"column":2},"end":{"line":38,"column":3}},"type":"if","locations":[{"start":{"line":36,"column":2},"end":{"line":38,"column":3}}]}},"s":{"0":2,"1":2,"2":2,"3":2,"4":2,"5":6,"6":6,"7":2,"8":2,"9":2,"10":0,"11":8,"12":8,"13":8,"14":8,"15":3,"16":5,"17":2,"18":3,"19":2,"20":2,"21":2,"22":1,"23":1,"24":3},"f":{"0":6,"1":8,"2":2,"3":3},"b":{"0":[2,2,2,0],"1":[3,5],"2":[2,3],"3":[1]}}
}
