TN:
SF:src/actions.ts
FN:8,executeAction
FN:21,executeApplication
FN:27,executeSystemCommand
FNF:3
FNH:0
FNDA:0,executeAction
FNDA:0,executeApplication
FNDA:0,executeSystemCommand
DA:1,1
DA:2,1
DA:3,1
DA:4,1
DA:6,1
DA:8,1
DA:9,0
DA:10,0
DA:11,0
DA:12,0
DA:13,0
DA:16,0
DA:17,0
DA:22,0
DA:23,0
DA:24,0
DA:28,0
DA:30,0
DA:32,0
DA:33,0
DA:34,0
DA:37,0
DA:38,0
DA:39,0
DA:42,0
DA:43,0
DA:44,0
DA:47,0
DA:48,0
DA:49,0
DA:52,0
DA:53,0
DA:54,0
DA:57,0
DA:61,1
DA:87,1
LF:36
LH:8
BRDA:10,0,0,0
BRDA:10,0,1,0
BRDA:12,1,0,0
BRDA:30,2,0,0
BRDA:30,2,1,0
BRDA:30,2,2,0
BRDA:30,2,3,0
BRDA:30,2,4,0
BRDA:30,2,5,0
BRF:9
BRH:0
end_of_record
TN:
SF:src/storage.ts
FN:6,getActiveTimers
FN:20,saveTimer
FN:26,updateTimer
FN:28,(anonymous_3)
FN:36,deleteTimer
FN:38,(anonymous_5)
FN:42,cleanupExpiredTimers
FN:45,(anonymous_7)
FNF:8
FNH:8
FNDA:7,getActiveTimers
FNDA:1,saveTimer
FNDA:1,updateTimer
FNDA:1,(anonymous_3)
FNDA:1,deleteTimer
FNDA:1,(anonymous_5)
FNDA:1,cleanupExpiredTimers
FNDA:2,(anonymous_7)
DA:1,1
DA:4,1
DA:6,1
DA:7,7
DA:8,7
DA:9,1
DA:12,6
DA:13,6
DA:15,1
DA:16,1
DA:20,1
DA:21,1
DA:22,1
DA:23,1
DA:26,1
DA:27,1
DA:28,1
DA:30,1
DA:31,1
DA:32,1
DA:36,1
DA:37,1
DA:38,1
DA:39,1
DA:42,1
DA:43,1
DA:44,1
DA:45,2
DA:46,1
LF:29
LH:29
BRDA:8,0,0,1
BRDA:30,1,0,1
BRDA:45,2,0,2
BRDA:45,2,1,1
BRF:4
BRH:4
end_of_record
TN:
SF:src/types.ts
FN:1,(anonymous_0)
FN:7,(anonymous_1)
FN:12,(anonymous_2)
FNF:3
FNH:3
FNDA:3,(anonymous_0)
FNDA:3,(anonymous_1)
FNDA:3,(anonymous_2)
DA:1,3
DA:2,3
DA:3,3
DA:4,3
DA:7,3
DA:8,3
DA:9,3
DA:12,3
DA:13,3
DA:14,3
DA:15,3
DA:16,3
DA:17,3
LF:13
LH:13
BRDA:1,0,0,3
BRDA:1,0,1,3
BRDA:7,1,0,3
BRDA:7,1,1,3
BRDA:12,2,0,3
BRDA:12,2,1,3
BRF:6
BRH:6
end_of_record
TN:
SF:src/utils.ts
FN:3,convertToMilliseconds
FN:18,formatDuration
FN:32,formatTimeRemaining
FN:43,generateTimerId
FNF:4
FNH:4
FNDA:6,convertToMilliseconds
FNDA:8,formatDuration
FNDA:2,formatTimeRemaining
FNDA:3,generateTimerId
DA:1,2
DA:3,2
DA:4,6
DA:6,6
DA:8,2
DA:10,2
DA:12,2
DA:14,0
DA:18,2
DA:19,8
DA:20,8
DA:21,8
DA:23,8
DA:24,3
DA:25,5
DA:26,2
DA:28,3
DA:32,2
DA:33,2
DA:34,2
DA:36,2
DA:37,1
DA:40,1
DA:43,2
DA:44,3
LF:25
LH:24
BRDA:6,0,0,2
BRDA:6,0,1,2
BRDA:6,0,2,2
BRDA:6,0,3,0
BRDA:23,1,0,3
BRDA:23,1,1,5
BRDA:25,2,0,2
BRDA:25,2,1,3
BRDA:36,3,0,1
BRF:9
BRH:8
end_of_record
